# JRE version: Java(TM) SE Runtime Environment (21.0.5+9) (build 21.0.5+9-LTS-239)
# Java VM: Java HotSpot(TM) 64-Bit Server VM (21.0.5+9-LTS-239, mixed mode, emulated-client, sharing, tiered, compressed oops, compressed class ptrs, g1 gc, windows-amd64)
GC Precious Log:
 CardTable entry size: 512
 Card Set container configuration: InlinePtr #cards 5 size 8 Array Of Cards #cards 12 size 40 Howl #buckets 4 coarsen threshold 1843 Howl Bitmap #cards 512 size 80 coarsen threshold 460 Card regions per heap region 1 cards per card region 2048
 CPUs: 8 total, 8 available
 Memory: 7930M
 Large Page Support: Disabled
 NUMA Support: Disabled
 Compressed Oops: Enabled (32-bit)
 Heap Region Size: 1M
 Heap Min Capacity: 8M
 Heap Initial Capacity: 124M
 Heap Max Capacity: 1984M
 Pre-touch: Disabled
 Parallel Workers: 8
 Concurrent Workers: 2
 Concurrent Refinement Workers: 8
 Periodic GC: Disabled
Heap:
 garbage-first heap   total 91136K, used 36257K [0x0000000084000000, 0x0000000100000000)
  region size 1024K, 1 young (1024K), 1 survivors (1024K)
 Metaspace       used 38912K, committed 39552K, reserved 1114112K
  class space    used 5385K, committed 5696K, reserved 1048576K
GC Heap History (20 events):
Event: 4.573 GC heap after
{Heap after GC invocations=7 (full 0):
 garbage-first heap   total 65536K, used 21842K [0x0000000084000000, 0x0000000100000000)
  region size 1024K, 3 young (3072K), 3 survivors (3072K)
 Metaspace       used 26774K, committed 27136K, reserved 1114112K
  class space    used 3679K, committed 3840K, reserved 1048576K
}
Event: 5.105 GC heap before
{Heap before GC invocations=7 (full 0):
 garbage-first heap   total 65536K, used 52562K [0x0000000084000000, 0x0000000100000000)
  region size 1024K, 33 young (33792K), 3 survivors (3072K)
 Metaspace       used 30216K, committed 30720K, reserved 1114112K
  class space    used 4195K, committed 4416K, reserved 1048576K
}
Event: 5.108 GC heap after
{Heap after GC invocations=8 (full 0):
 garbage-first heap   total 65536K, used 23786K [0x0000000084000000, 0x0000000100000000)
  region size 1024K, 5 young (5120K), 5 survivors (5120K)
 Metaspace       used 30216K, committed 30720K, reserved 1114112K
  class space    used 4195K, committed 4416K, reserved 1048576K
}
Event: 5.284 GC heap before
{Heap before GC invocations=8 (full 0):
 garbage-first heap   total 65536K, used 33002K [0x0000000084000000, 0x0000000100000000)
  region size 1024K, 15 young (15360K), 5 survivors (5120K)
 Metaspace       used 31667K, committed 32128K, reserved 1114112K
  class space    used 4444K, committed 4672K, reserved 1048576K
}
Event: 5.288 GC heap after
{Heap after GC invocations=9 (full 0):
 garbage-first heap   total 65536K, used 24591K [0x0000000084000000, 0x0000000100000000)
  region size 1024K, 4 young (4096K), 4 survivors (4096K)
 Metaspace       used 31667K, committed 32128K, reserved 1114112K
  class space    used 4444K, committed 4672K, reserved 1048576K
}
Event: 7.790 GC heap before
{Heap before GC invocations=10 (full 0):
 garbage-first heap   total 65536K, used 55311K [0x0000000084000000, 0x0000000100000000)
  region size 1024K, 33 young (33792K), 4 survivors (4096K)
 Metaspace       used 35212K, committed 35712K, reserved 1114112K
  class space    used 4896K, committed 5120K, reserved 1048576K
}
Event: 7.796 GC heap after
{Heap after GC invocations=11 (full 0):
 garbage-first heap   total 66560K, used 31129K [0x0000000084000000, 0x0000000100000000)
  region size 1024K, 5 young (5120K), 5 survivors (5120K)
 Metaspace       used 35212K, committed 35712K, reserved 1114112K
  class space    used 4896K, committed 5120K, reserved 1048576K
}
Event: 7.895 GC heap before
{Heap before GC invocations=11 (full 0):
 garbage-first heap   total 66560K, used 61849K [0x0000000084000000, 0x0000000100000000)
  region size 1024K, 28 young (28672K), 5 survivors (5120K)
 Metaspace       used 35234K, committed 35712K, reserved 1114112K
  class space    used 4899K, committed 5120K, reserved 1048576K
}
Event: 7.901 GC heap after
{Heap after GC invocations=12 (full 0):
 garbage-first heap   total 73728K, used 37055K [0x0000000084000000, 0x0000000100000000)
  region size 1024K, 4 young (4096K), 4 survivors (4096K)
 Metaspace       used 35234K, committed 35712K, reserved 1114112K
  class space    used 4899K, committed 5120K, reserved 1048576K
}
Event: 7.921 GC heap before
{Heap before GC invocations=12 (full 0):
 garbage-first heap   total 73728K, used 39103K [0x0000000084000000, 0x0000000100000000)
  region size 1024K, 7 young (7168K), 4 survivors (4096K)
 Metaspace       used 35255K, committed 35776K, reserved 1114112K
  class space    used 4904K, committed 5120K, reserved 1048576K
}
Event: 7.924 GC heap after
{Heap after GC invocations=13 (full 0):
 garbage-first heap   total 73728K, used 38341K [0x0000000084000000, 0x0000000100000000)
  region size 1024K, 2 young (2048K), 2 survivors (2048K)
 Metaspace       used 35255K, committed 35776K, reserved 1114112K
  class space    used 4904K, committed 5120K, reserved 1048576K
}
Event: 8.235 GC heap before
{Heap before GC invocations=14 (full 0):
 garbage-first heap   total 75776K, used 64965K [0x0000000084000000, 0x0000000100000000)
  region size 1024K, 25 young (25600K), 2 survivors (2048K)
 Metaspace       used 37017K, committed 37632K, reserved 1114112K
  class space    used 5139K, committed 5440K, reserved 1048576K
}
Event: 9.237 GC heap after
{Heap after GC invocations=15 (full 0):
 garbage-first heap   total 91136K, used 40198K [0x0000000084000000, 0x0000000100000000)
  region size 1024K, 2 young (2048K), 2 survivors (2048K)
 Metaspace       used 37017K, committed 37632K, reserved 1114112K
  class space    used 5139K, committed 5440K, reserved 1048576K
}
Event: 9.259 GC heap before
{Heap before GC invocations=15 (full 0):
 garbage-first heap   total 91136K, used 42246K [0x0000000084000000, 0x0000000100000000)
  region size 1024K, 4 young (4096K), 2 survivors (2048K)
 Metaspace       used 37047K, committed 37696K, reserved 1114112K
  class space    used 5144K, committed 5440K, reserved 1048576K
}
Event: 9.261 GC heap after
{Heap after GC invocations=16 (full 0):
 garbage-first heap   total 91136K, used 40084K [0x0000000084000000, 0x0000000100000000)
  region size 1024K, 1 young (1024K), 1 survivors (1024K)
 Metaspace       used 37047K, committed 37696K, reserved 1114112K
  class space    used 5144K, committed 5440K, reserved 1048576K
}
Event: 9.318 GC heap before
{Heap before GC invocations=16 (full 0):
 garbage-first heap   total 91136K, used 42132K [0x0000000084000000, 0x0000000100000000)
  region size 1024K, 4 young (4096K), 1 survivors (1024K)
 Metaspace       used 37251K, committed 37888K, reserved 1114112K
  class space    used 5190K, committed 5504K, reserved 1048576K
}
Event: 9.319 GC heap after
{Heap after GC invocations=17 (full 0):
 garbage-first heap   total 91136K, used 40011K [0x0000000084000000, 0x0000000100000000)
  region size 1024K, 1 young (1024K), 1 survivors (1024K)
 Metaspace       used 37251K, committed 37888K, reserved 1114112K
  class space    used 5190K, committed 5504K, reserved 1048576K
}
Event: 9.389 GC heap before
{Heap before GC invocations=17 (full 0):
 garbage-first heap   total 91136K, used 42059K [0x0000000084000000, 0x0000000100000000)
  region size 1024K, 4 young (4096K), 1 survivors (1024K)
 Metaspace       used 38254K, committed 38848K, reserved 1114112K
  class space    used 5288K, committed 5568K, reserved 1048576K
}
Event: 9.390 GC heap after
{Heap after GC invocations=18 (full 0):
 garbage-first heap   total 91136K, used 40148K [0x0000000084000000, 0x0000000100000000)
  region size 1024K, 1 young (1024K), 1 survivors (1024K)
 Metaspace       used 38254K, committed 38848K, reserved 1114112K
  class space    used 5288K, committed 5568K, reserved 1048576K
}
Event: 9.468 GC heap before
{Heap before GC invocations=19 (full 0):
 garbage-first heap   total 91136K, used 39124K [0x0000000084000000, 0x0000000100000000)
  region size 1024K, 4 young (4096K), 1 survivors (1024K)
 Metaspace       used 38912K, committed 39552K, reserved 1114112K
  class space    used 5385K, committed 5696K, reserved 1048576K
}

